<?xml version="1.0" encoding="UTF-8"?>
<robot generated="20190108 14:42:29.136" generator="Robot 3.0.4 (Python 2.7.15 on linux2)">
<suite source="/opt/robotframework/tests" id="s1" name="Tests">
<suite source="/opt/robotframework/tests/4.Gestion_propositions_commerciales_commandes_factures.txt" id="s1-s1" name="4.Gestion propositions commerciales commandes factures">
<test id="s1-s1-t1" name="Acces au site">
<kw name="Open Browser" library="SeleniumLibrary">
<doc>Opens a new browser instance to the given ``url``.</doc>
<arguments>
<arg>http://192.168.200.50:8001/dolibarr/index.php</arg>
<arg>${BROWSER}</arg>
</arguments>
<msg timestamp="20190108 14:42:29.562" level="INFO">Opening browser 'chrome' to base url 'http://192.168.200.50:8001/dolibarr/index.php'.</msg>
<status status="PASS" endtime="20190108 14:42:43.001" starttime="20190108 14:42:29.561"></status>
</kw>
<kw name="Location Should Be" library="SeleniumLibrary">
<doc>Verifies that current URL is exactly ``url`.</doc>
<arguments>
<arg>${URL_DOLIBARR}</arg>
</arguments>
<msg timestamp="20190108 14:42:43.048" level="INFO">Current location is 'http://192.168.200.50:8001/dolibarr/index.php'.</msg>
<status status="PASS" endtime="20190108 14:42:43.048" starttime="20190108 14:42:43.001"></status>
</kw>
<status status="PASS" endtime="20190108 14:42:43.048" critical="yes" starttime="20190108 14:42:29.560"></status>
</test>
<test id="s1-s1-t2" name="Authentification">
<kw name="Input Text" library="SeleniumLibrary">
<doc>Types the given ``text`` into text field identified by ``locator``.</doc>
<arguments>
<arg>xpath=//*[@id="username"]</arg>
<arg>admin</arg>
</arguments>
<msg timestamp="20190108 14:42:43.050" level="INFO">Typing text 'admin' into text field 'xpath=//*[@id="username"]'.</msg>
<status status="PASS" endtime="20190108 14:42:43.186" starttime="20190108 14:42:43.050"></status>
</kw>
<kw name="Input Text" library="SeleniumLibrary">
<doc>Types the given ``text`` into text field identified by ``locator``.</doc>
<arguments>
<arg>xpath=//*[@id="password"]</arg>
<arg>root</arg>
</arguments>
<msg timestamp="20190108 14:42:43.187" level="INFO">Typing text 'root' into text field 'xpath=//*[@id="password"]'.</msg>
<status status="PASS" endtime="20190108 14:42:43.306" starttime="20190108 14:42:43.186"></status>
</kw>
<kw name="Click Button" library="SeleniumLibrary">
<doc>Clicks button identified by ``locator``.</doc>
<arguments>
<arg>xpath=//*[@id="login_line2"]/input</arg>
</arguments>
<msg timestamp="20190108 14:42:43.307" level="INFO">Clicking button 'xpath=//*[@id="login_line2"]/input'.</msg>
<status status="PASS" endtime="20190108 14:42:48.911" starttime="20190108 14:42:43.307"></status>
</kw>
<kw name="Location Should Be" library="SeleniumLibrary">
<doc>Verifies that current URL is exactly ``url`.</doc>
<arguments>
<arg>http://192.168.200.50:8001/dolibarr/index.php?mainmenu=home</arg>
</arguments>
<msg timestamp="20190108 14:42:48.959" level="INFO">Current location is 'http://192.168.200.50:8001/dolibarr/index.php?mainmenu=home'.</msg>
<status status="PASS" endtime="20190108 14:42:48.960" starttime="20190108 14:42:48.911"></status>
</kw>
<status status="PASS" endtime="20190108 14:42:48.960" critical="yes" starttime="20190108 14:42:43.049"></status>
</test>
<test id="s1-s1-t3" name="4_1_CT_NM_creation_prop_commerciales">
<kw name="Click Element" library="SeleniumLibrary">
<doc>Click element identified by ``locator``.</doc>
<arguments>
<arg>xpath=//*[@id="mainmenua_commercial"]/span</arg>
</arguments>
<msg timestamp="20190108 14:42:48.961" level="INFO">Clicking element 'xpath=//*[@id="mainmenua_commercial"]/span'.</msg>
<status status="PASS" endtime="20190108 14:42:51.085" starttime="20190108 14:42:48.961"></status>
</kw>
<kw name="Click Element" library="SeleniumLibrary">
<doc>Click element identified by ``locator``.</doc>
<arguments>
<arg>//*[@id="id-left"]/div/div[3]/div[3]/a</arg>
</arguments>
<msg timestamp="20190108 14:42:51.085" level="INFO">Clicking element '//*[@id="id-left"]/div/div[3]/div[3]/a'.</msg>
<status status="PASS" endtime="20190108 14:42:53.474" starttime="20190108 14:42:51.085"></status>
</kw>
<kw name="Select From List By Index" library="SeleniumLibrary">
<doc>Selects options from selection list ``locator`` by ``indexes``.</doc>
<arguments>
<arg>id=socid</arg>
<arg>1</arg>
</arguments>
<msg timestamp="20190108 14:42:53.475" level="INFO">Selecting options from selection list 'id=socid' by index 1.</msg>
<kw name="Capture Page Screenshot" library="SeleniumLibrary">
<doc>Takes screenshot of the current page and embeds it into log file.</doc>
<msg timestamp="20190108 14:42:53.527" level="FAIL">WebDriverException: Message: chrome not reachable
  (Session info: chrome=70.0.3538.110)
  (Driver info: chromedriver=2.41,platform=Linux 4.9.125-linuxkit x86_64)
</msg>
<status status="FAIL" endtime="20190108 14:42:53.527" starttime="20190108 14:42:53.500"></status>
</kw>
<msg timestamp="20190108 14:42:53.527" level="WARN">Keyword 'Capture Page Screenshot' could not be run on failure: WebDriverException: Message: chrome not reachable
  (Session info: chrome=70.0.3538.110)
  (Driver info: chromedriver=2.41,platform=Linux 4.9.125-linuxkit x86_64)
</msg>
<msg timestamp="20190108 14:42:53.528" level="FAIL">WebDriverException: Message: chrome not reachable
  (Session info: chrome=70.0.3538.110)
  (Driver info: chromedriver=2.41,platform=Linux 4.9.125-linuxkit x86_64)
</msg>
<status status="FAIL" endtime="20190108 14:42:53.528" starttime="20190108 14:42:53.474"></status>
</kw>
<status status="FAIL" endtime="20190108 14:42:53.528" critical="yes" starttime="20190108 14:42:48.960">WebDriverException: Message: chrome not reachable
  (Session info: chrome=70.0.3538.110)
  (Driver info: chromedriver=2.41,platform=Linux 4.9.125-linuxkit x86_64)
</status>
</test>
<test id="s1-s1-t4" name="4_1_CT_EX_creation_prop_commerciales">
<kw name="Click Element" library="SeleniumLibrary">
<doc>Click element identified by ``locator``.</doc>
<arguments>
<arg>xpath=//*[@id="mainmenua_commercial"]/span</arg>
</arguments>
<msg timestamp="20190108 14:42:53.529" level="INFO">Clicking element 'xpath=//*[@id="mainmenua_commercial"]/span'.</msg>
<kw name="Capture Page Screenshot" library="SeleniumLibrary">
<doc>Takes screenshot of the current page and embeds it into log file.</doc>
<msg timestamp="20190108 14:42:53.577" level="FAIL">WebDriverException: Message: chrome not reachable
  (Session info: chrome=70.0.3538.110)
  (Driver info: chromedriver=2.41,platform=Linux 4.9.125-linuxkit x86_64)
</msg>
<status status="FAIL" endtime="20190108 14:42:53.577" starttime="20190108 14:42:53.553"></status>
</kw>
<msg timestamp="20190108 14:42:53.577" level="WARN">Keyword 'Capture Page Screenshot' could not be run on failure: WebDriverException: Message: chrome not reachable
  (Session info: chrome=70.0.3538.110)
  (Driver info: chromedriver=2.41,platform=Linux 4.9.125-linuxkit x86_64)
</msg>
<msg timestamp="20190108 14:42:53.578" level="FAIL">WebDriverException: Message: chrome not reachable
  (Session info: chrome=70.0.3538.110)
  (Driver info: chromedriver=2.41,platform=Linux 4.9.125-linuxkit x86_64)
</msg>
<status status="FAIL" endtime="20190108 14:42:53.578" starttime="20190108 14:42:53.529"></status>
</kw>
<status status="FAIL" endtime="20190108 14:42:53.578" critical="yes" starttime="20190108 14:42:53.529">WebDriverException: Message: chrome not reachable
  (Session info: chrome=70.0.3538.110)
  (Driver info: chromedriver=2.41,platform=Linux 4.9.125-linuxkit x86_64)
</status>
</test>
<test id="s1-s1-t5" name="4_2_CT_NM_pdf_proposition">
<kw name="Go To" library="SeleniumLibrary">
<doc>Navigates the active browser instance to the provided ``url``.</doc>
<arguments>
<arg>http://192.168.200.50:8001/dolibarr/comm/propal/list.php?leftmenu=propals</arg>
</arguments>
<msg timestamp="20190108 14:42:53.579" level="INFO">Opening url 'http://192.168.200.50:8001/dolibarr/comm/propal/list.php?leftmenu=propals'</msg>
<kw name="Capture Page Screenshot" library="SeleniumLibrary">
<doc>Takes screenshot of the current page and embeds it into log file.</doc>
<msg timestamp="20190108 14:42:53.642" level="FAIL">WebDriverException: Message: chrome not reachable
  (Session info: chrome=70.0.3538.110)
  (Driver info: chromedriver=2.41,platform=Linux 4.9.125-linuxkit x86_64)
</msg>
<status status="FAIL" endtime="20190108 14:42:53.642" starttime="20190108 14:42:53.610"></status>
</kw>
<msg timestamp="20190108 14:42:53.642" level="WARN">Keyword 'Capture Page Screenshot' could not be run on failure: WebDriverException: Message: chrome not reachable
  (Session info: chrome=70.0.3538.110)
  (Driver info: chromedriver=2.41,platform=Linux 4.9.125-linuxkit x86_64)
</msg>
<msg timestamp="20190108 14:42:53.643" level="FAIL">WebDriverException: Message: chrome not reachable
  (Session info: chrome=70.0.3538.110)
  (Driver info: chromedriver=2.41,platform=Linux 4.9.125-linuxkit x86_64)
</msg>
<status status="FAIL" endtime="20190108 14:42:53.643" starttime="20190108 14:42:53.579"></status>
</kw>
<status status="FAIL" endtime="20190108 14:42:53.643" critical="yes" starttime="20190108 14:42:53.579">WebDriverException: Message: chrome not reachable
  (Session info: chrome=70.0.3538.110)
  (Driver info: chromedriver=2.41,platform=Linux 4.9.125-linuxkit x86_64)
</status>
</test>
<test id="s1-s1-t6" name="4_3_CT_NM_creation_commande">
<kw name="Click Element" library="SeleniumLibrary">
<doc>Click element identified by ``locator``.</doc>
<arguments>
<arg>xpath=//*[@id="mainmenua_commercial"]/span</arg>
</arguments>
<msg timestamp="20190108 14:42:53.645" level="INFO">Clicking element 'xpath=//*[@id="mainmenua_commercial"]/span'.</msg>
<kw name="Capture Page Screenshot" library="SeleniumLibrary">
<doc>Takes screenshot of the current page and embeds it into log file.</doc>
<msg timestamp="20190108 14:42:53.700" level="FAIL">WebDriverException: Message: chrome not reachable
  (Session info: chrome=70.0.3538.110)
  (Driver info: chromedriver=2.41,platform=Linux 4.9.125-linuxkit x86_64)
</msg>
<status status="FAIL" endtime="20190108 14:42:53.700" starttime="20190108 14:42:53.669"></status>
</kw>
<msg timestamp="20190108 14:42:53.700" level="WARN">Keyword 'Capture Page Screenshot' could not be run on failure: WebDriverException: Message: chrome not reachable
  (Session info: chrome=70.0.3538.110)
  (Driver info: chromedriver=2.41,platform=Linux 4.9.125-linuxkit x86_64)
</msg>
<msg timestamp="20190108 14:42:53.701" level="FAIL">WebDriverException: Message: chrome not reachable
  (Session info: chrome=70.0.3538.110)
  (Driver info: chromedriver=2.41,platform=Linux 4.9.125-linuxkit x86_64)
</msg>
<status status="FAIL" endtime="20190108 14:42:53.701" starttime="20190108 14:42:53.644"></status>
</kw>
<status status="FAIL" endtime="20190108 14:42:53.701" critical="yes" starttime="20190108 14:42:53.644">WebDriverException: Message: chrome not reachable
  (Session info: chrome=70.0.3538.110)
  (Driver info: chromedriver=2.41,platform=Linux 4.9.125-linuxkit x86_64)
</status>
</test>
<test id="s1-s1-t7" name="4_3_CT_EX_creation_commande">
<kw name="Click Element" library="SeleniumLibrary">
<doc>Click element identified by ``locator``.</doc>
<arguments>
<arg>xpath=//*[@id="mainmenua_commercial"]/span</arg>
</arguments>
<msg timestamp="20190108 14:42:53.702" level="INFO">Clicking element 'xpath=//*[@id="mainmenua_commercial"]/span'.</msg>
<kw name="Capture Page Screenshot" library="SeleniumLibrary">
<doc>Takes screenshot of the current page and embeds it into log file.</doc>
<msg timestamp="20190108 14:42:53.756" level="FAIL">WebDriverException: Message: chrome not reachable
  (Session info: chrome=70.0.3538.110)
  (Driver info: chromedriver=2.41,platform=Linux 4.9.125-linuxkit x86_64)
</msg>
<status status="FAIL" endtime="20190108 14:42:53.756" starttime="20190108 14:42:53.730"></status>
</kw>
<msg timestamp="20190108 14:42:53.756" level="WARN">Keyword 'Capture Page Screenshot' could not be run on failure: WebDriverException: Message: chrome not reachable
  (Session info: chrome=70.0.3538.110)
  (Driver info: chromedriver=2.41,platform=Linux 4.9.125-linuxkit x86_64)
</msg>
<msg timestamp="20190108 14:42:53.756" level="FAIL">WebDriverException: Message: chrome not reachable
  (Session info: chrome=70.0.3538.110)
  (Driver info: chromedriver=2.41,platform=Linux 4.9.125-linuxkit x86_64)
</msg>
<status status="FAIL" endtime="20190108 14:42:53.757" starttime="20190108 14:42:53.702"></status>
</kw>
<status status="FAIL" endtime="20190108 14:42:53.757" critical="yes" starttime="20190108 14:42:53.701">WebDriverException: Message: chrome not reachable
  (Session info: chrome=70.0.3538.110)
  (Driver info: chromedriver=2.41,platform=Linux 4.9.125-linuxkit x86_64)
</status>
</test>
<test id="s1-s1-t8" name="4_4_CT_NM_pdf_commande">
<kw name="Go To" library="SeleniumLibrary">
<doc>Navigates the active browser instance to the provided ``url``.</doc>
<arguments>
<arg>http://192.168.200.50:8001/dolibarr/commande/list.php?leftmenu=orders</arg>
</arguments>
<msg timestamp="20190108 14:42:53.758" level="INFO">Opening url 'http://192.168.200.50:8001/dolibarr/commande/list.php?leftmenu=orders'</msg>
<kw name="Capture Page Screenshot" library="SeleniumLibrary">
<doc>Takes screenshot of the current page and embeds it into log file.</doc>
<msg timestamp="20190108 14:42:53.806" level="FAIL">WebDriverException: Message: chrome not reachable
  (Session info: chrome=70.0.3538.110)
  (Driver info: chromedriver=2.41,platform=Linux 4.9.125-linuxkit x86_64)
</msg>
<status status="FAIL" endtime="20190108 14:42:53.806" starttime="20190108 14:42:53.781"></status>
</kw>
<msg timestamp="20190108 14:42:53.806" level="WARN">Keyword 'Capture Page Screenshot' could not be run on failure: WebDriverException: Message: chrome not reachable
  (Session info: chrome=70.0.3538.110)
  (Driver info: chromedriver=2.41,platform=Linux 4.9.125-linuxkit x86_64)
</msg>
<msg timestamp="20190108 14:42:53.807" level="FAIL">WebDriverException: Message: chrome not reachable
  (Session info: chrome=70.0.3538.110)
  (Driver info: chromedriver=2.41,platform=Linux 4.9.125-linuxkit x86_64)
</msg>
<status status="FAIL" endtime="20190108 14:42:53.807" starttime="20190108 14:42:53.758"></status>
</kw>
<status status="FAIL" endtime="20190108 14:42:53.807" critical="yes" starttime="20190108 14:42:53.757">WebDriverException: Message: chrome not reachable
  (Session info: chrome=70.0.3538.110)
  (Driver info: chromedriver=2.41,platform=Linux 4.9.125-linuxkit x86_64)
</status>
</test>
<test id="s1-s1-t9" name="4_5_CT_NM_creation_facture">
<kw name="Click Element" library="SeleniumLibrary">
<doc>Click element identified by ``locator``.</doc>
<arguments>
<arg>id=mainmenua_billing</arg>
</arguments>
<msg timestamp="20190108 14:42:53.809" level="INFO">Clicking element 'id=mainmenua_billing'.</msg>
<kw name="Capture Page Screenshot" library="SeleniumLibrary">
<doc>Takes screenshot of the current page and embeds it into log file.</doc>
<msg timestamp="20190108 14:42:53.902" level="FAIL">WebDriverException: Message: chrome not reachable
  (Session info: chrome=70.0.3538.110)
  (Driver info: chromedriver=2.41,platform=Linux 4.9.125-linuxkit x86_64)
</msg>
<status status="FAIL" endtime="20190108 14:42:53.902" starttime="20190108 14:42:53.845"></status>
</kw>
<msg timestamp="20190108 14:42:53.902" level="WARN">Keyword 'Capture Page Screenshot' could not be run on failure: WebDriverException: Message: chrome not reachable
  (Session info: chrome=70.0.3538.110)
  (Driver info: chromedriver=2.41,platform=Linux 4.9.125-linuxkit x86_64)
</msg>
<msg timestamp="20190108 14:42:53.902" level="FAIL">WebDriverException: Message: chrome not reachable
  (Session info: chrome=70.0.3538.110)
  (Driver info: chromedriver=2.41,platform=Linux 4.9.125-linuxkit x86_64)
</msg>
<status status="FAIL" endtime="20190108 14:42:53.903" starttime="20190108 14:42:53.809"></status>
</kw>
<status status="FAIL" endtime="20190108 14:42:53.903" critical="yes" starttime="20190108 14:42:53.808">WebDriverException: Message: chrome not reachable
  (Session info: chrome=70.0.3538.110)
  (Driver info: chromedriver=2.41,platform=Linux 4.9.125-linuxkit x86_64)
</status>
</test>
<test id="s1-s1-t10" name="4_5_CT_EX_creation_facture">
<kw name="Click Element" library="SeleniumLibrary">
<doc>Click element identified by ``locator``.</doc>
<arguments>
<arg>id=mainmenua_billing</arg>
</arguments>
<msg timestamp="20190108 14:42:53.904" level="INFO">Clicking element 'id=mainmenua_billing'.</msg>
<kw name="Capture Page Screenshot" library="SeleniumLibrary">
<doc>Takes screenshot of the current page and embeds it into log file.</doc>
<msg timestamp="20190108 14:42:54.022" level="FAIL">WebDriverException: Message: chrome not reachable
  (Session info: chrome=70.0.3538.110)
  (Driver info: chromedriver=2.41,platform=Linux 4.9.125-linuxkit x86_64)
</msg>
<status status="FAIL" endtime="20190108 14:42:54.022" starttime="20190108 14:42:53.944"></status>
</kw>
<msg timestamp="20190108 14:42:54.022" level="WARN">Keyword 'Capture Page Screenshot' could not be run on failure: WebDriverException: Message: chrome not reachable
  (Session info: chrome=70.0.3538.110)
  (Driver info: chromedriver=2.41,platform=Linux 4.9.125-linuxkit x86_64)
</msg>
<msg timestamp="20190108 14:42:54.023" level="FAIL">WebDriverException: Message: chrome not reachable
  (Session info: chrome=70.0.3538.110)
  (Driver info: chromedriver=2.41,platform=Linux 4.9.125-linuxkit x86_64)
</msg>
<status status="FAIL" endtime="20190108 14:42:54.024" starttime="20190108 14:42:53.904"></status>
</kw>
<status status="FAIL" endtime="20190108 14:42:54.024" critical="yes" starttime="20190108 14:42:53.903">WebDriverException: Message: chrome not reachable
  (Session info: chrome=70.0.3538.110)
  (Driver info: chromedriver=2.41,platform=Linux 4.9.125-linuxkit x86_64)
</status>
</test>
<status status="FAIL" endtime="20190108 14:42:54.030" starttime="20190108 14:42:29.210"></status>
</suite>
<status status="FAIL" endtime="20190108 14:42:54.062" starttime="20190108 14:42:29.138"></status>
</suite>
<statistics>
<total>
<stat fail="8" pass="2">Critical Tests</stat>
<stat fail="8" pass="2">All Tests</stat>
</total>
<tag>
</tag>
<suite>
<stat fail="8" id="s1" name="Tests" pass="2">Tests</stat>
<stat fail="8" id="s1-s1" name="4.Gestion propositions commerciales commandes factures" pass="2">Tests.4.Gestion propositions commerciales commandes factures</stat>
</suite>
</statistics>
<errors>
<msg timestamp="20190108 14:42:53.527" level="WARN">Keyword 'Capture Page Screenshot' could not be run on failure: WebDriverException: Message: chrome not reachable
  (Session info: chrome=70.0.3538.110)
  (Driver info: chromedriver=2.41,platform=Linux 4.9.125-linuxkit x86_64)
</msg>
<msg timestamp="20190108 14:42:53.577" level="WARN">Keyword 'Capture Page Screenshot' could not be run on failure: WebDriverException: Message: chrome not reachable
  (Session info: chrome=70.0.3538.110)
  (Driver info: chromedriver=2.41,platform=Linux 4.9.125-linuxkit x86_64)
</msg>
<msg timestamp="20190108 14:42:53.642" level="WARN">Keyword 'Capture Page Screenshot' could not be run on failure: WebDriverException: Message: chrome not reachable
  (Session info: chrome=70.0.3538.110)
  (Driver info: chromedriver=2.41,platform=Linux 4.9.125-linuxkit x86_64)
</msg>
<msg timestamp="20190108 14:42:53.700" level="WARN">Keyword 'Capture Page Screenshot' could not be run on failure: WebDriverException: Message: chrome not reachable
  (Session info: chrome=70.0.3538.110)
  (Driver info: chromedriver=2.41,platform=Linux 4.9.125-linuxkit x86_64)
</msg>
<msg timestamp="20190108 14:42:53.756" level="WARN">Keyword 'Capture Page Screenshot' could not be run on failure: WebDriverException: Message: chrome not reachable
  (Session info: chrome=70.0.3538.110)
  (Driver info: chromedriver=2.41,platform=Linux 4.9.125-linuxkit x86_64)
</msg>
<msg timestamp="20190108 14:42:53.806" level="WARN">Keyword 'Capture Page Screenshot' could not be run on failure: WebDriverException: Message: chrome not reachable
  (Session info: chrome=70.0.3538.110)
  (Driver info: chromedriver=2.41,platform=Linux 4.9.125-linuxkit x86_64)
</msg>
<msg timestamp="20190108 14:42:53.902" level="WARN">Keyword 'Capture Page Screenshot' could not be run on failure: WebDriverException: Message: chrome not reachable
  (Session info: chrome=70.0.3538.110)
  (Driver info: chromedriver=2.41,platform=Linux 4.9.125-linuxkit x86_64)
</msg>
<msg timestamp="20190108 14:42:54.022" level="WARN">Keyword 'Capture Page Screenshot' could not be run on failure: WebDriverException: Message: chrome not reachable
  (Session info: chrome=70.0.3538.110)
  (Driver info: chromedriver=2.41,platform=Linux 4.9.125-linuxkit x86_64)
</msg>
</errors>
</robot>
